E, [2017-03-23T13:00:59.328972 #18247] ERROR -- Kitchen: ------Exception-------
E, [2017-03-23T13:00:59.329055 #18247] ERROR -- Kitchen: Class: Kitchen::UserError
E, [2017-03-23T13:00:59.329071 #18247] ERROR -- Kitchen: Message: Kitchen YAML file /Users/mattponzio/Git/matthewponzio/circleci/.kitchen.yml does not exist.
E, [2017-03-23T13:00:59.329082 #18247] ERROR -- Kitchen: ----------------------
E, [2017-03-23T13:00:59.329091 #18247] ERROR -- Kitchen: ------Backtrace-------
E, [2017-03-23T13:00:59.329100 #18247] ERROR -- Kitchen: /opt/chefdk/embedded/lib/ruby/gems/2.3.0/gems/test-kitchen-1.15.0/lib/kitchen/loader/yaml.rb:71:in `read'
E, [2017-03-23T13:00:59.329109 #18247] ERROR -- Kitchen: /opt/chefdk/embedded/lib/ruby/gems/2.3.0/gems/test-kitchen-1.15.0/lib/kitchen/config.rb:152:in `data'
E, [2017-03-23T13:00:59.329118 #18247] ERROR -- Kitchen: /opt/chefdk/embedded/lib/ruby/gems/2.3.0/gems/test-kitchen-1.15.0/lib/kitchen/config.rb:131:in `suites'
E, [2017-03-23T13:00:59.329130 #18247] ERROR -- Kitchen: /opt/chefdk/embedded/lib/ruby/gems/2.3.0/gems/test-kitchen-1.15.0/lib/kitchen/config.rb:182:in `filter_instances'
E, [2017-03-23T13:00:59.329139 #18247] ERROR -- Kitchen: /opt/chefdk/embedded/lib/ruby/gems/2.3.0/gems/test-kitchen-1.15.0/lib/kitchen/config.rb:141:in `build_instances'
E, [2017-03-23T13:00:59.329178 #18247] ERROR -- Kitchen: /opt/chefdk/embedded/lib/ruby/gems/2.3.0/gems/test-kitchen-1.15.0/lib/kitchen/config.rb:117:in `instances'
E, [2017-03-23T13:00:59.329187 #18247] ERROR -- Kitchen: /opt/chefdk/embedded/lib/ruby/gems/2.3.0/gems/test-kitchen-1.15.0/lib/kitchen/command.rb:112:in `filtered_instances'
E, [2017-03-23T13:00:59.329195 #18247] ERROR -- Kitchen: /opt/chefdk/embedded/lib/ruby/gems/2.3.0/gems/test-kitchen-1.15.0/lib/kitchen/command.rb:142:in `parse_subcommand'
E, [2017-03-23T13:00:59.329204 #18247] ERROR -- Kitchen: /opt/chefdk/embedded/lib/ruby/gems/2.3.0/gems/test-kitchen-1.15.0/lib/kitchen/command/list.rb:30:in `call'
E, [2017-03-23T13:00:59.329212 #18247] ERROR -- Kitchen: /opt/chefdk/embedded/lib/ruby/gems/2.3.0/gems/test-kitchen-1.15.0/lib/kitchen/cli.rb:53:in `perform'
E, [2017-03-23T13:00:59.329220 #18247] ERROR -- Kitchen: /opt/chefdk/embedded/lib/ruby/gems/2.3.0/gems/test-kitchen-1.15.0/lib/kitchen/cli.rb:121:in `list'
E, [2017-03-23T13:00:59.329229 #18247] ERROR -- Kitchen: /opt/chefdk/embedded/lib/ruby/gems/2.3.0/gems/thor-0.19.1/lib/thor/command.rb:27:in `run'
E, [2017-03-23T13:00:59.329237 #18247] ERROR -- Kitchen: /opt/chefdk/embedded/lib/ruby/gems/2.3.0/gems/thor-0.19.1/lib/thor/invocation.rb:126:in `invoke_command'
E, [2017-03-23T13:00:59.329246 #18247] ERROR -- Kitchen: /opt/chefdk/embedded/lib/ruby/gems/2.3.0/gems/test-kitchen-1.15.0/lib/kitchen/cli.rb:334:in `invoke_task'
E, [2017-03-23T13:00:59.329257 #18247] ERROR -- Kitchen: /opt/chefdk/embedded/lib/ruby/gems/2.3.0/gems/thor-0.19.1/lib/thor.rb:359:in `dispatch'
E, [2017-03-23T13:00:59.329265 #18247] ERROR -- Kitchen: /opt/chefdk/embedded/lib/ruby/gems/2.3.0/gems/thor-0.19.1/lib/thor/base.rb:440:in `start'
E, [2017-03-23T13:00:59.329274 #18247] ERROR -- Kitchen: /opt/chefdk/embedded/lib/ruby/gems/2.3.0/gems/test-kitchen-1.15.0/bin/kitchen:13:in `block in <top (required)>'
E, [2017-03-23T13:00:59.329282 #18247] ERROR -- Kitchen: /opt/chefdk/embedded/lib/ruby/gems/2.3.0/gems/test-kitchen-1.15.0/lib/kitchen/errors.rb:171:in `with_friendly_errors'
E, [2017-03-23T13:00:59.329291 #18247] ERROR -- Kitchen: /opt/chefdk/embedded/lib/ruby/gems/2.3.0/gems/test-kitchen-1.15.0/bin/kitchen:13:in `<top (required)>'
E, [2017-03-23T13:00:59.329321 #18247] ERROR -- Kitchen: /usr/local/bin/kitchen:21:in `load'
E, [2017-03-23T13:00:59.329331 #18247] ERROR -- Kitchen: /usr/local/bin/kitchen:21:in `<main>'
E, [2017-03-23T13:00:59.329339 #18247] ERROR -- Kitchen: ----End Backtrace-----
